Plugins:
Bundled analyzers:
  - Python Code Quality and Security 4.14.0.14263 (python)
  - Clean as You Code 2.3.0.1782 (cayc)
  - Go Code Quality and Security 1.15.0.4655 (go)
  - JaCoCo 1.3.0.1538 (jacoco)
  - Kotlin Code Quality and Security 2.20.0.4382 (kotlin)
  - IaC Code Quality and Security 1.26.0.8471 (iac)
  - JavaScript/TypeScript/CSS Code Quality and Security 10.11.1.25225 (javascript)
  - Ruby Code Quality and Security 1.15.0.4655 (ruby)
  - Scala Code Quality and Security 1.15.0.4655 (sonarscala)
  - C# Code Quality and Security 9.19.0.84025 (csharp)
  - Java Code Quality and Security 7.30.0.34429 (java)
  - HTML Code Quality and Security 3.13.0.4821 (web)
  - Flex Code Quality and Security 2.12.0.4568 (flex)
  - XML Code Quality and Security 2.10.0.4108 (xml)
  - PHP Code Quality and Security 3.33.0.11274 (php)
  - Text Code Quality and Security 2.8.0.1635 (text)
  - VB.NET Code Quality and Security 9.19.0.84025 (vbnet)
Global server settings:
  - sonar.azureresourcemanager.file.suffixes=.bicep
  - sonar.core.id=147B411E-AY3hkjq2UyfCJfmDNHHS
  - sonar.core.startTime=2024-04-01T20:20:18+0000
  - sonar.cs.file.suffixes=.cs,.razor
  - sonar.css.file.suffixes=.css,.less,.scss,.sass
  - sonar.docker.file.patterns=Dockerfile,*.dockerfile
  - sonar.flex.file.suffixes=as
  - sonar.forceAuthentication=true
  - sonar.go.file.suffixes=.go
  - sonar.html.file.suffixes=.html,.xhtml,.cshtml,.vbhtml,.aspx,.ascx,.rhtml,.erb,.shtm,.shtml,.cmp,.twig
  - sonar.java.file.suffixes=.java,.jav
  - sonar.javascript.file.suffixes=.js,.jsx,.cjs,.mjs,.vue
  - sonar.json.file.suffixes=.json
  - sonar.jsp.file.suffixes=.jsp,.jspf,.jspx
  - sonar.kotlin.file.suffixes=.kt,.kts
  - sonar.php.file.suffixes=php,php3,php4,php5,phtml,inc
  - sonar.python.file.suffixes=py
  - sonar.qualityProfiles.allowDisableInheritedRules=true
  - sonar.ruby.file.suffixes=.rb
  - sonar.scala.file.suffixes=.scala
  - sonar.terraform.file.suffixes=.tf
  - sonar.typescript.file.suffixes=.ts,.tsx,.cts,.mts
  - sonar.vbnet.file.suffixes=.vb
  - sonar.xml.file.suffixes=.xml,.xsd,.xsl,.config
  - sonar.yaml.file.suffixes=.yaml,.yml
Project server settings:
Project scanner properties:
  - sonar.host.url=http://localhost:9000
  - sonar.java.binaries=C:/Users/nassi/AquaProjects/excel_renderer/target/classes
  - sonar.java.libraries=C:\Users\nassi\.m2\repository\net\sourceforge\cssparser\cssparser\0.9.30\cssparser-0.9.30.jar,C:\Users\nassi\.m2\repository\org\w3c\css\sac\1.3\sac-1.3.jar,C:\Users\nassi\.m2\repository\org\apache\poi\poi\5.2.0\poi-5.2.0.jar,C:\Users\nassi\.m2\repository\commons-codec\commons-codec\1.15\commons-codec-1.15.jar,C:\Users\nassi\.m2\repository\org\apache\commons\commons-collections4\4.4\commons-collections4-4.4.jar,C:\Users\nassi\.m2\repository\org\apache\commons\commons-math3\3.6.1\commons-math3-3.6.1.jar,C:\Users\nassi\.m2\repository\commons-io\commons-io\2.11.0\commons-io-2.11.0.jar,C:\Users\nassi\.m2\repository\com\zaxxer\SparseBitSet\1.2\SparseBitSet-1.2.jar,C:\Users\nassi\.m2\repository\org\apache\poi\poi-ooxml\5.2.0\poi-ooxml-5.2.0.jar,C:\Users\nassi\.m2\repository\org\apache\poi\poi-ooxml-lite\5.2.0\poi-ooxml-lite-5.2.0.jar,C:\Users\nassi\.m2\repository\org\apache\xmlbeans\xmlbeans\5.0.3\xmlbeans-5.0.3.jar,C:\Users\nassi\.m2\repository\org\apache\commons\commons-compress\1.21\com...
  - sonar.java.source=8
  - sonar.login=******
  - sonar.projectBaseDir=C:\Users\nassi\AquaProjects\excel_renderer
  - sonar.projectKey=SonarAnalyzer:excel_renderer
  - sonar.scanner.app=Intellij Sonar plugin
  - sonar.scanner.appVersion=0.2.2
  - sonar.sourceEncoding=UTF-8
  - sonar.sources=C:/Users/nassi/AquaProjects/excel_renderer/src/main/java
  - sonar.tests=
  - sonar.working.directory=C:\Users\nassi\AquaProjects\excel_renderer\.idea\SonarAnalyzer\.scannerwork
